[03:40:30:128 debug] Driver.java@159 main: $$$$$$$$$$$$$$$$$$ traversing URL
[03:40:30:131 debug] WebCrawler.java@41 main: ******** Minion created for http://www.cs.usfca.edu/~sjengle/cs212/crawl/birds.html
[03:40:30:131 debug] WorkQueue.java@70 main: increasing, Pending is now 1
[03:40:30:131 debug] WebCrawler.java@48 Thread-10: urlsize: 0, true
[03:40:30:131 debug] WebCrawler.java@58 Thread-10: size 1, http://www.cs.usfca.edu/~sjengle/cs212/crawl/birds.html added
[03:40:30:194 debug] WebCrawler.java@41 Thread-10: ******** Minion created for http://www.cs.usfca.edu/~sjengle/cs212/crawl/albatross.html
[03:40:30:194 debug] WorkQueue.java@70 Thread-10: increasing, Pending is now 2
[03:40:30:194 debug] WebCrawler.java@41 Thread-10: ******** Minion created for http://www.cs.usfca.edu/~sjengle/cs212/crawl/blackbird.html
[03:40:30:194 debug] WebCrawler.java@48 Thread-6: urlsize: 1, true
[03:40:30:194 debug] WorkQueue.java@70 Thread-10: increasing, Pending is now 3
[03:40:30:195 debug] WebCrawler.java@41 Thread-10: ******** Minion created for http://www.cs.usfca.edu/~sjengle/cs212/crawl/bluebird.html
[03:40:30:195 debug] WebCrawler.java@48 Thread-9: urlsize: 1, true
[03:40:30:195 debug] WorkQueue.java@70 Thread-10: increasing, Pending is now 4
[03:40:30:195 debug] WebCrawler.java@41 Thread-10: ******** Minion created for http://www.cs.usfca.edu/~sjengle/cs212/crawl/cardinal.html
[03:40:30:195 debug] WebCrawler.java@48 Thread-7: urlsize: 1, true
[03:40:30:195 debug] WorkQueue.java@70 Thread-10: increasing, Pending is now 5
[03:40:30:195 debug] WebCrawler.java@41 Thread-10: ******** Minion created for http://www.cs.usfca.edu/~sjengle/cs212/crawl/chickadee.html
[03:40:30:195 debug] WebCrawler.java@48 Thread-8: urlsize: 1, true
[03:40:30:195 debug] WorkQueue.java@70 Thread-10: increasing, Pending is now 6
[03:40:30:195 debug] WebCrawler.java@41 Thread-10: ******** Minion created for http://www.cs.usfca.edu/~sjengle/cs212/crawl/crane.html
[03:40:30:196 debug] WorkQueue.java@70 Thread-10: increasing, Pending is now 7
[03:40:30:196 debug] WebCrawler.java@41 Thread-10: ******** Minion created for http://www.cs.usfca.edu/~sjengle/cs212/crawl/crow.html
[03:40:30:196 debug] WorkQueue.java@70 Thread-10: increasing, Pending is now 8
[03:40:30:196 debug] WebCrawler.java@41 Thread-10: ******** Minion created for http://www.cs.usfca.edu/~sjengle/cs212/crawl/cuckoo.html
[03:40:30:196 debug] WorkQueue.java@70 Thread-10: increasing, Pending is now 9
[03:40:30:196 debug] WebCrawler.java@41 Thread-10: ******** Minion created for http://www.cs.usfca.edu/~sjengle/cs212/crawl/dove.html
[03:40:30:196 debug] WorkQueue.java@70 Thread-10: increasing, Pending is now 10
[03:40:30:196 debug] WebCrawler.java@41 Thread-10: ******** Minion created for http://www.cs.usfca.edu/~sjengle/cs212/crawl/duck.html
[03:40:30:197 debug] WorkQueue.java@70 Thread-10: increasing, Pending is now 11
[03:40:30:197 debug] WebCrawler.java@41 Thread-10: ******** Minion created for http://www.cs.usfca.edu/~sjengle/cs212/crawl/eagle.html
[03:40:30:197 debug] WorkQueue.java@70 Thread-10: increasing, Pending is now 12
[03:40:30:197 debug] WebCrawler.java@41 Thread-10: ******** Minion created for http://www.cs.usfca.edu/~sjengle/cs212/crawl/egret.html
[03:40:30:197 debug] WorkQueue.java@70 Thread-10: increasing, Pending is now 13
[03:40:30:197 debug] WebCrawler.java@41 Thread-10: ******** Minion created for http://www.cs.usfca.edu/~sjengle/cs212/crawl/falcon.html
[03:40:30:197 debug] WorkQueue.java@70 Thread-10: increasing, Pending is now 14
[03:40:30:197 debug] WebCrawler.java@41 Thread-10: ******** Minion created for http://www.cs.usfca.edu/~sjengle/cs212/crawl/finch.html
[03:40:30:197 debug] WorkQueue.java@70 Thread-10: increasing, Pending is now 15
[03:40:30:198 debug] WebCrawler.java@41 Thread-10: ******** Minion created for http://www.cs.usfca.edu/~sjengle/cs212/crawl/goose.html
[03:40:30:198 debug] WorkQueue.java@70 Thread-10: increasing, Pending is now 16
[03:40:30:198 debug] WebCrawler.java@41 Thread-10: ******** Minion created for http://www.cs.usfca.edu/~sjengle/cs212/crawl/gull.html
[03:40:30:198 debug] WorkQueue.java@70 Thread-10: increasing, Pending is now 17
[03:40:30:198 debug] WebCrawler.java@41 Thread-10: ******** Minion created for http://www.cs.usfca.edu/~sjengle/cs212/crawl/hawk.html
[03:40:30:198 debug] WorkQueue.java@70 Thread-10: increasing, Pending is now 18
[03:40:30:198 debug] WebCrawler.java@41 Thread-10: ******** Minion created for http://www.cs.usfca.edu/~sjengle/cs212/crawl/heron.html
[03:40:30:198 debug] WorkQueue.java@70 Thread-10: increasing, Pending is now 19
[03:40:30:198 debug] WebCrawler.java@41 Thread-10: ******** Minion created for http://www.cs.usfca.edu/~sjengle/cs212/crawl/hummingbird.html
[03:40:30:198 debug] WorkQueue.java@70 Thread-10: increasing, Pending is now 20
[03:40:30:199 debug] WebCrawler.java@41 Thread-10: ******** Minion created for http://www.cs.usfca.edu/~sjengle/cs212/crawl/ibis.html
[03:40:30:199 debug] WorkQueue.java@70 Thread-10: increasing, Pending is now 21
[03:40:30:199 debug] WebCrawler.java@41 Thread-10: ******** Minion created for http://www.cs.usfca.edu/~sjengle/cs212/crawl/kingfisher.html
[03:40:30:199 debug] WorkQueue.java@70 Thread-10: increasing, Pending is now 22
[03:40:30:199 debug] WebCrawler.java@41 Thread-10: ******** Minion created for http://www.cs.usfca.edu/~sjengle/cs212/crawl/loon.html
[03:40:30:199 debug] WorkQueue.java@70 Thread-10: increasing, Pending is now 23
[03:40:30:199 debug] WebCrawler.java@41 Thread-10: ******** Minion created for http://www.cs.usfca.edu/~sjengle/cs212/crawl/magpie.html
[03:40:30:199 debug] WorkQueue.java@70 Thread-10: increasing, Pending is now 24
[03:40:30:199 debug] WebCrawler.java@41 Thread-10: ******** Minion created for http://www.cs.usfca.edu/~sjengle/cs212/crawl/mallard.html
[03:40:30:199 debug] WorkQueue.java@70 Thread-10: increasing, Pending is now 25
[03:40:30:199 debug] WebCrawler.java@41 Thread-10: ******** Minion created for http://www.cs.usfca.edu/~sjengle/cs212/crawl/meadowlark.html
[03:40:30:199 debug] WorkQueue.java@70 Thread-10: increasing, Pending is now 26
[03:40:30:200 debug] WebCrawler.java@41 Thread-10: ******** Minion created for http://www.cs.usfca.edu/~sjengle/cs212/crawl/mockingbird.html
[03:40:30:200 debug] WorkQueue.java@70 Thread-10: increasing, Pending is now 27
[03:40:30:200 debug] WebCrawler.java@41 Thread-10: ******** Minion created for http://www.cs.usfca.edu/~sjengle/cs212/crawl/nighthawk.html
[03:40:30:200 debug] WorkQueue.java@70 Thread-10: increasing, Pending is now 28
[03:40:30:200 debug] WebCrawler.java@41 Thread-10: ******** Minion created for http://www.cs.usfca.edu/~sjengle/cs212/crawl/osprey.html
[03:40:30:200 debug] WorkQueue.java@70 Thread-10: increasing, Pending is now 29
[03:40:30:200 debug] WebCrawler.java@41 Thread-10: ******** Minion created for http://www.cs.usfca.edu/~sjengle/cs212/crawl/owl.html
[03:40:30:200 debug] WorkQueue.java@70 Thread-10: increasing, Pending is now 30
[03:40:30:200 debug] WebCrawler.java@41 Thread-10: ******** Minion created for http://www.cs.usfca.edu/~sjengle/cs212/crawl/pelican.html
[03:40:30:200 debug] WorkQueue.java@70 Thread-10: increasing, Pending is now 31
[03:40:30:200 debug] WebCrawler.java@41 Thread-10: ******** Minion created for http://www.cs.usfca.edu/~sjengle/cs212/crawl/pheasant.html
[03:40:30:201 debug] WorkQueue.java@70 Thread-10: increasing, Pending is now 32
[03:40:30:201 debug] WebCrawler.java@41 Thread-10: ******** Minion created for http://www.cs.usfca.edu/~sjengle/cs212/crawl/pigeon.html
[03:40:30:201 debug] WorkQueue.java@70 Thread-10: increasing, Pending is now 33
[03:40:30:201 debug] WebCrawler.java@41 Thread-10: ******** Minion created for http://www.cs.usfca.edu/~sjengle/cs212/crawl/puffin.html
[03:40:30:201 debug] WorkQueue.java@70 Thread-10: increasing, Pending is now 34
[03:40:30:201 debug] WebCrawler.java@41 Thread-10: ******** Minion created for http://www.cs.usfca.edu/~sjengle/cs212/crawl/quail.html
[03:40:30:201 debug] WorkQueue.java@70 Thread-10: increasing, Pending is now 35
[03:40:30:201 debug] WebCrawler.java@41 Thread-10: ******** Minion created for http://www.cs.usfca.edu/~sjengle/cs212/crawl/raven.html
[03:40:30:201 debug] WorkQueue.java@70 Thread-10: increasing, Pending is now 36
[03:40:30:201 debug] WebCrawler.java@41 Thread-10: ******** Minion created for http://www.cs.usfca.edu/~sjengle/cs212/crawl/roadrunner.html
[03:40:30:201 debug] WorkQueue.java@70 Thread-10: increasing, Pending is now 37
[03:40:30:201 debug] WebCrawler.java@41 Thread-10: ******** Minion created for http://www.cs.usfca.edu/~sjengle/cs212/crawl/robin.html
[03:40:30:201 debug] WorkQueue.java@70 Thread-10: increasing, Pending is now 38
[03:40:30:202 debug] WebCrawler.java@41 Thread-10: ******** Minion created for http://www.cs.usfca.edu/~sjengle/cs212/crawl/sandpiper.html
[03:40:30:202 debug] WorkQueue.java@70 Thread-10: increasing, Pending is now 39
[03:40:30:202 debug] WebCrawler.java@41 Thread-10: ******** Minion created for http://www.cs.usfca.edu/~sjengle/cs212/crawl/sparrow.html
[03:40:30:202 debug] WorkQueue.java@70 Thread-10: increasing, Pending is now 40
[03:40:30:202 debug] WebCrawler.java@41 Thread-10: ******** Minion created for http://www.cs.usfca.edu/~sjengle/cs212/crawl/starling.html
[03:40:30:202 debug] WorkQueue.java@70 Thread-10: increasing, Pending is now 41
[03:40:30:202 debug] WebCrawler.java@41 Thread-10: ******** Minion created for http://www.cs.usfca.edu/~sjengle/cs212/crawl/stork.html
[03:40:30:202 debug] WorkQueue.java@70 Thread-10: increasing, Pending is now 42
[03:40:30:202 debug] WebCrawler.java@41 Thread-10: ******** Minion created for http://www.cs.usfca.edu/~sjengle/cs212/crawl/swallow.html
[03:40:30:202 debug] WorkQueue.java@70 Thread-10: increasing, Pending is now 43
[03:40:30:202 debug] WebCrawler.java@41 Thread-10: ******** Minion created for http://www.cs.usfca.edu/~sjengle/cs212/crawl/swan.html
[03:40:30:203 debug] WorkQueue.java@70 Thread-10: increasing, Pending is now 44
[03:40:30:203 debug] WebCrawler.java@41 Thread-10: ******** Minion created for http://www.cs.usfca.edu/~sjengle/cs212/crawl/tern.html
[03:40:30:203 debug] WorkQueue.java@70 Thread-10: increasing, Pending is now 45
[03:40:30:203 debug] WebCrawler.java@41 Thread-10: ******** Minion created for http://www.cs.usfca.edu/~sjengle/cs212/crawl/turkey.html
[03:40:30:203 debug] WorkQueue.java@70 Thread-10: increasing, Pending is now 46
[03:40:30:203 debug] WebCrawler.java@41 Thread-10: ******** Minion created for http://www.cs.usfca.edu/~sjengle/cs212/crawl/vulture.html
[03:40:30:203 debug] WorkQueue.java@70 Thread-10: increasing, Pending is now 47
[03:40:30:203 debug] WebCrawler.java@41 Thread-10: ******** Minion created for http://www.cs.usfca.edu/~sjengle/cs212/crawl/warbler.html
[03:40:30:203 debug] WorkQueue.java@70 Thread-10: increasing, Pending is now 48
[03:40:30:203 debug] WebCrawler.java@41 Thread-10: ******** Minion created for http://www.cs.usfca.edu/~sjengle/cs212/crawl/woodpecker.html
[03:40:30:203 debug] WorkQueue.java@70 Thread-10: increasing, Pending is now 49
[03:40:30:203 debug] WebCrawler.java@41 Thread-10: ******** Minion created for http://www.cs.usfca.edu/~sjengle/cs212/crawl/wren.html
[03:40:30:204 debug] WorkQueue.java@70 Thread-10: increasing, Pending is now 50
[03:40:30:204 debug] WebCrawler.java@41 Thread-10: ******** Minion created for http://www.cs.usfca.edu/~sjengle/cs212/crawl/yellowthroat.html
[03:40:30:204 debug] WorkQueue.java@70 Thread-10: increasing, Pending is now 51
[03:40:30:204 debug] WebCrawler.java@41 Thread-10: ******** Minion created for http://www.cs.usfca.edu/~sjengle/cs212/crawl/birds.html
[03:40:30:204 debug] WorkQueue.java@70 Thread-10: increasing, Pending is now 52
[03:40:30:204 debug] WebCrawler.java@58 Thread-8: size 2, http://www.cs.usfca.edu/~sjengle/cs212/crawl/cardinal.html added
[03:40:30:204 debug] WebCrawler.java@58 Thread-6: size 3, http://www.cs.usfca.edu/~sjengle/cs212/crawl/albatross.html added
[03:40:30:204 debug] WebCrawler.java@58 Thread-7: size 4, http://www.cs.usfca.edu/~sjengle/cs212/crawl/bluebird.html added
[03:40:30:204 debug] WebCrawler.java@58 Thread-9: size 5, http://www.cs.usfca.edu/~sjengle/cs212/crawl/blackbird.html added
[03:40:30:210 debug] ThreadSafeInvertedIndex.java@104 Thread-10: going to unlock
[03:40:30:210 debug] WebCrawler.java@96 Thread-10: ######## Minion finished http://www.cs.usfca.edu/~sjengle/cs212/crawl/birds.html
[03:40:30:210 debug] WorkQueue.java@81 Thread-10: decreasing, Pending is now 51
[03:40:30:210 debug] WebCrawler.java@48 Thread-10: urlsize: 5, true
[03:40:30:210 debug] WebCrawler.java@58 Thread-10: size 6, http://www.cs.usfca.edu/~sjengle/cs212/crawl/chickadee.html added
[03:40:30:283 debug] WebCrawler.java@41 Thread-9: ******** Minion created for http://www.cs.usfca.edu/~sjengle/cs212/crawl/birds.html
[03:40:30:283 debug] WorkQueue.java@70 Thread-9: increasing, Pending is now 52
[03:40:30:283 debug] WebCrawler.java@41 Thread-8: ******** Minion created for http://www.cs.usfca.edu/~sjengle/cs212/crawl/birds.html
[03:40:30:283 debug] WorkQueue.java@70 Thread-8: increasing, Pending is now 53
[03:40:30:284 debug] WebCrawler.java@41 Thread-7: ******** Minion created for http://www.cs.usfca.edu/~sjengle/cs212/crawl/birds.html
[03:40:30:284 debug] ThreadSafeInvertedIndex.java@104 Thread-9: going to unlock
[03:40:30:284 debug] WorkQueue.java@70 Thread-7: increasing, Pending is now 54
[03:40:30:284 debug] WebCrawler.java@96 Thread-9: ######## Minion finished http://www.cs.usfca.edu/~sjengle/cs212/crawl/blackbird.html
[03:40:30:284 debug] ThreadSafeInvertedIndex.java@104 Thread-8: going to unlock
[03:40:30:284 debug] WebCrawler.java@96 Thread-8: ######## Minion finished http://www.cs.usfca.edu/~sjengle/cs212/crawl/cardinal.html
[03:40:30:284 debug] WorkQueue.java@81 Thread-9: decreasing, Pending is now 53
[03:40:30:284 debug] WebCrawler.java@41 Thread-6: ******** Minion created for http://www.cs.usfca.edu/~sjengle/cs212/crawl/birds.html
[03:40:30:284 debug] WorkQueue.java@81 Thread-8: decreasing, Pending is now 52
[03:40:30:284 debug] WebCrawler.java@48 Thread-8: urlsize: 6, true
[03:40:30:285 debug] WorkQueue.java@70 Thread-6: increasing, Pending is now 53
[03:40:30:285 debug] ThreadSafeInvertedIndex.java@104 Thread-7: going to unlock
[03:40:30:285 debug] WebCrawler.java@96 Thread-7: ######## Minion finished http://www.cs.usfca.edu/~sjengle/cs212/crawl/bluebird.html
[03:40:30:285 debug] WorkQueue.java@81 Thread-7: decreasing, Pending is now 52
[03:40:30:285 debug] WebCrawler.java@48 Thread-7: urlsize: 6, true
[03:40:30:285 debug] WebCrawler.java@58 Thread-7: size 7, http://www.cs.usfca.edu/~sjengle/cs212/crawl/crow.html added
[03:40:30:285 debug] WebCrawler.java@48 Thread-9: urlsize: 6, true
[03:40:30:285 debug] ThreadSafeInvertedIndex.java@104 Thread-6: going to unlock
[03:40:30:285 debug] WebCrawler.java@96 Thread-6: ######## Minion finished http://www.cs.usfca.edu/~sjengle/cs212/crawl/albatross.html
[03:40:30:286 debug] WorkQueue.java@81 Thread-6: decreasing, Pending is now 51
[03:40:30:286 debug] WebCrawler.java@58 Thread-9: size 8, http://www.cs.usfca.edu/~sjengle/cs212/crawl/cuckoo.html added
[03:40:30:286 debug] WebCrawler.java@48 Thread-6: urlsize: 8, true
[03:40:30:286 debug] WebCrawler.java@58 Thread-8: size 9, http://www.cs.usfca.edu/~sjengle/cs212/crawl/crane.html added
[03:40:30:286 debug] WebCrawler.java@41 Thread-10: ******** Minion created for http://www.cs.usfca.edu/~sjengle/cs212/crawl/birds.html
[03:40:30:286 debug] WorkQueue.java@70 Thread-10: increasing, Pending is now 52
[03:40:30:287 debug] WebCrawler.java@58 Thread-6: size 10, http://www.cs.usfca.edu/~sjengle/cs212/crawl/dove.html added
[03:40:30:287 debug] ThreadSafeInvertedIndex.java@104 Thread-10: going to unlock
[03:40:30:287 debug] WebCrawler.java@96 Thread-10: ######## Minion finished http://www.cs.usfca.edu/~sjengle/cs212/crawl/chickadee.html
[03:40:30:287 debug] WorkQueue.java@81 Thread-10: decreasing, Pending is now 51
[03:40:30:288 debug] WebCrawler.java@48 Thread-10: urlsize: 10, true
[03:40:30:288 debug] WebCrawler.java@58 Thread-10: size 11, http://www.cs.usfca.edu/~sjengle/cs212/crawl/duck.html added
[03:40:30:313 debug] WebCrawler.java@41 Thread-8: ******** Minion created for http://www.cs.usfca.edu/~sjengle/cs212/crawl/birds.html
[03:40:30:313 debug] WorkQueue.java@70 Thread-8: increasing, Pending is now 52
[03:40:30:314 debug] WebCrawler.java@41 Thread-10: ******** Minion created for http://www.cs.usfca.edu/~sjengle/cs212/crawl/birds.html
[03:40:30:314 debug] WorkQueue.java@70 Thread-10: increasing, Pending is now 53
[03:40:30:314 debug] ThreadSafeInvertedIndex.java@104 Thread-8: going to unlock
[03:40:30:314 debug] WebCrawler.java@96 Thread-8: ######## Minion finished http://www.cs.usfca.edu/~sjengle/cs212/crawl/crane.html
[03:40:30:314 debug] WorkQueue.java@81 Thread-8: decreasing, Pending is now 52
[03:40:30:314 debug] WebCrawler.java@41 Thread-9: ******** Minion created for http://www.cs.usfca.edu/~sjengle/cs212/crawl/birds.html
[03:40:30:314 debug] WebCrawler.java@48 Thread-8: urlsize: 11, true
[03:40:30:315 debug] WorkQueue.java@70 Thread-9: increasing, Pending is now 53
[03:40:30:315 debug] ThreadSafeInvertedIndex.java@104 Thread-10: going to unlock
[03:40:30:315 debug] WebCrawler.java@96 Thread-10: ######## Minion finished http://www.cs.usfca.edu/~sjengle/cs212/crawl/duck.html
[03:40:30:315 debug] WebCrawler.java@41 Thread-7: ******** Minion created for http://www.cs.usfca.edu/~sjengle/cs212/crawl/birds.html
[03:40:30:315 debug] WorkQueue.java@81 Thread-10: decreasing, Pending is now 52
[03:40:30:315 debug] WebCrawler.java@48 Thread-10: urlsize: 11, true
[03:40:30:315 debug] WorkQueue.java@70 Thread-7: increasing, Pending is now 53
[03:40:30:315 debug] ThreadSafeInvertedIndex.java@104 Thread-9: going to unlock
[03:40:30:315 debug] WebCrawler.java@58 Thread-10: size 12, http://www.cs.usfca.edu/~sjengle/cs212/crawl/egret.html added
[03:40:30:315 debug] WebCrawler.java@96 Thread-9: ######## Minion finished http://www.cs.usfca.edu/~sjengle/cs212/crawl/cuckoo.html
[03:40:30:316 debug] WorkQueue.java@81 Thread-9: decreasing, Pending is now 52
[03:40:30:316 debug] WebCrawler.java@48 Thread-9: urlsize: 12, true
[03:40:30:316 debug] WebCrawler.java@41 Thread-6: ******** Minion created for http://www.cs.usfca.edu/~sjengle/cs212/crawl/birds.html
[03:40:30:316 debug] ThreadSafeInvertedIndex.java@104 Thread-7: going to unlock
[03:40:30:316 debug] WorkQueue.java@70 Thread-6: increasing, Pending is now 53
[03:40:30:316 debug] WebCrawler.java@96 Thread-7: ######## Minion finished http://www.cs.usfca.edu/~sjengle/cs212/crawl/crow.html
[03:40:30:316 debug] WebCrawler.java@58 Thread-8: size 13, http://www.cs.usfca.edu/~sjengle/cs212/crawl/eagle.html added
[03:40:30:316 debug] WorkQueue.java@81 Thread-7: decreasing, Pending is now 52
[03:40:30:316 debug] WebCrawler.java@58 Thread-9: size 14, http://www.cs.usfca.edu/~sjengle/cs212/crawl/falcon.html added
[03:40:30:316 debug] WebCrawler.java@48 Thread-7: urlsize: 14, true
[03:40:30:316 debug] WebCrawler.java@58 Thread-7: size 15, http://www.cs.usfca.edu/~sjengle/cs212/crawl/finch.html added
[03:40:30:317 debug] ThreadSafeInvertedIndex.java@104 Thread-6: going to unlock
[03:40:30:317 debug] WebCrawler.java@96 Thread-6: ######## Minion finished http://www.cs.usfca.edu/~sjengle/cs212/crawl/dove.html
[03:40:30:317 debug] WorkQueue.java@81 Thread-6: decreasing, Pending is now 51
[03:40:30:317 debug] WebCrawler.java@48 Thread-6: urlsize: 15, true
[03:40:30:317 debug] WebCrawler.java@58 Thread-6: size 16, http://www.cs.usfca.edu/~sjengle/cs212/crawl/goose.html added
[03:40:30:344 debug] WebCrawler.java@41 Thread-10: ******** Minion created for http://www.cs.usfca.edu/~sjengle/cs212/crawl/birds.html
[03:40:30:344 debug] WorkQueue.java@70 Thread-10: increasing, Pending is now 52
[03:40:30:345 debug] ThreadSafeInvertedIndex.java@104 Thread-10: going to unlock
[03:40:30:345 debug] WebCrawler.java@96 Thread-10: ######## Minion finished http://www.cs.usfca.edu/~sjengle/cs212/crawl/egret.html
[03:40:30:345 debug] WorkQueue.java@81 Thread-10: decreasing, Pending is now 51
[03:40:30:345 debug] WebCrawler.java@48 Thread-10: urlsize: 16, true
[03:40:30:345 debug] WebCrawler.java@58 Thread-10: size 17, http://www.cs.usfca.edu/~sjengle/cs212/crawl/gull.html added
[03:40:30:346 debug] WebCrawler.java@41 Thread-9: ******** Minion created for http://www.cs.usfca.edu/~sjengle/cs212/crawl/birds.html
[03:40:30:346 debug] WorkQueue.java@70 Thread-9: increasing, Pending is now 52
[03:40:30:347 debug] ThreadSafeInvertedIndex.java@104 Thread-9: going to unlock
[03:40:30:347 debug] WebCrawler.java@96 Thread-9: ######## Minion finished http://www.cs.usfca.edu/~sjengle/cs212/crawl/falcon.html
[03:40:30:347 debug] WorkQueue.java@81 Thread-9: decreasing, Pending is now 51
[03:40:30:347 debug] WebCrawler.java@48 Thread-9: urlsize: 17, true
[03:40:30:347 debug] WebCrawler.java@58 Thread-9: size 18, http://www.cs.usfca.edu/~sjengle/cs212/crawl/hawk.html added
[03:40:30:350 debug] WebCrawler.java@41 Thread-6: ******** Minion created for http://www.cs.usfca.edu/~sjengle/cs212/crawl/birds.html
[03:40:30:350 debug] WorkQueue.java@70 Thread-6: increasing, Pending is now 52
[03:40:30:350 debug] WebCrawler.java@41 Thread-7: ******** Minion created for http://www.cs.usfca.edu/~sjengle/cs212/crawl/birds.html
[03:40:30:350 debug] WorkQueue.java@70 Thread-7: increasing, Pending is now 53
[03:40:30:351 debug] WebCrawler.java@41 Thread-8: ******** Minion created for http://www.cs.usfca.edu/~sjengle/cs212/crawl/birds.html
[03:40:30:351 debug] ThreadSafeInvertedIndex.java@104 Thread-6: going to unlock
[03:40:30:351 debug] WorkQueue.java@70 Thread-8: increasing, Pending is now 54
[03:40:30:351 debug] WebCrawler.java@96 Thread-6: ######## Minion finished http://www.cs.usfca.edu/~sjengle/cs212/crawl/goose.html
[03:40:30:351 debug] WorkQueue.java@81 Thread-6: decreasing, Pending is now 53
[03:40:30:351 debug] ThreadSafeInvertedIndex.java@104 Thread-7: going to unlock
[03:40:30:351 debug] WebCrawler.java@48 Thread-6: urlsize: 18, true
[03:40:30:351 debug] WebCrawler.java@96 Thread-7: ######## Minion finished http://www.cs.usfca.edu/~sjengle/cs212/crawl/finch.html
[03:40:30:351 debug] WebCrawler.java@58 Thread-6: size 19, http://www.cs.usfca.edu/~sjengle/cs212/crawl/heron.html added
[03:40:30:351 debug] WorkQueue.java@81 Thread-7: decreasing, Pending is now 52
[03:40:30:352 debug] ThreadSafeInvertedIndex.java@104 Thread-8: going to unlock
[03:40:30:352 debug] WebCrawler.java@48 Thread-7: urlsize: 19, true
[03:40:30:352 debug] WebCrawler.java@96 Thread-8: ######## Minion finished http://www.cs.usfca.edu/~sjengle/cs212/crawl/eagle.html
[03:40:30:352 debug] WebCrawler.java@58 Thread-7: size 20, http://www.cs.usfca.edu/~sjengle/cs212/crawl/hummingbird.html added
[03:40:30:352 debug] WorkQueue.java@81 Thread-8: decreasing, Pending is now 51
[03:40:30:352 debug] WebCrawler.java@48 Thread-8: urlsize: 20, true
[03:40:30:352 debug] WebCrawler.java@58 Thread-8: size 21, http://www.cs.usfca.edu/~sjengle/cs212/crawl/ibis.html added
[03:40:30:373 debug] WebCrawler.java@41 Thread-10: ******** Minion created for http://www.cs.usfca.edu/~sjengle/cs212/crawl/birds.html
[03:40:30:373 debug] WorkQueue.java@70 Thread-10: increasing, Pending is now 52
[03:40:30:373 debug] WebCrawler.java@41 Thread-9: ******** Minion created for http://www.cs.usfca.edu/~sjengle/cs212/crawl/birds.html
[03:40:30:373 debug] WorkQueue.java@70 Thread-9: increasing, Pending is now 53
[03:40:30:374 debug] ThreadSafeInvertedIndex.java@104 Thread-10: going to unlock
[03:40:30:374 debug] WebCrawler.java@96 Thread-10: ######## Minion finished http://www.cs.usfca.edu/~sjengle/cs212/crawl/gull.html
[03:40:30:374 debug] WorkQueue.java@81 Thread-10: decreasing, Pending is now 52
[03:40:30:374 debug] ThreadSafeInvertedIndex.java@104 Thread-9: going to unlock
[03:40:30:374 debug] WebCrawler.java@48 Thread-10: urlsize: 21, true
[03:40:30:374 debug] WebCrawler.java@96 Thread-9: ######## Minion finished http://www.cs.usfca.edu/~sjengle/cs212/crawl/hawk.html
[03:40:30:374 debug] WebCrawler.java@58 Thread-10: size 22, http://www.cs.usfca.edu/~sjengle/cs212/crawl/kingfisher.html added
[03:40:30:374 debug] WorkQueue.java@81 Thread-9: decreasing, Pending is now 51
[03:40:30:374 debug] WebCrawler.java@48 Thread-9: urlsize: 22, true
[03:40:30:374 debug] WebCrawler.java@58 Thread-9: size 23, http://www.cs.usfca.edu/~sjengle/cs212/crawl/loon.html added
[03:40:30:387 debug] WebCrawler.java@41 Thread-8: ******** Minion created for http://www.cs.usfca.edu/~sjengle/cs212/crawl/birds.html
[03:40:30:387 debug] WorkQueue.java@70 Thread-8: increasing, Pending is now 52
[03:40:30:387 debug] WebCrawler.java@41 Thread-7: ******** Minion created for http://www.cs.usfca.edu/~sjengle/cs212/crawl/birds.html
[03:40:30:388 debug] WorkQueue.java@70 Thread-7: increasing, Pending is now 53
[03:40:30:388 debug] ThreadSafeInvertedIndex.java@104 Thread-8: going to unlock
[03:40:30:388 debug] WebCrawler.java@96 Thread-8: ######## Minion finished http://www.cs.usfca.edu/~sjengle/cs212/crawl/ibis.html
[03:40:30:388 debug] WorkQueue.java@81 Thread-8: decreasing, Pending is now 52
[03:40:30:388 debug] WebCrawler.java@41 Thread-6: ******** Minion created for http://www.cs.usfca.edu/~sjengle/cs212/crawl/birds.html
[03:40:30:388 debug] WebCrawler.java@48 Thread-8: urlsize: 23, true
[03:40:30:388 debug] ThreadSafeInvertedIndex.java@104 Thread-7: going to unlock
[03:40:30:388 debug] WorkQueue.java@70 Thread-6: increasing, Pending is now 53
[03:40:30:388 debug] WebCrawler.java@96 Thread-7: ######## Minion finished http://www.cs.usfca.edu/~sjengle/cs212/crawl/hummingbird.html
[03:40:30:388 debug] WorkQueue.java@81 Thread-7: decreasing, Pending is now 52
[03:40:30:389 debug] WebCrawler.java@48 Thread-7: urlsize: 23, true
[03:40:30:389 debug] WebCrawler.java@58 Thread-7: size 24, http://www.cs.usfca.edu/~sjengle/cs212/crawl/mallard.html added
[03:40:30:389 debug] WebCrawler.java@58 Thread-8: size 25, http://www.cs.usfca.edu/~sjengle/cs212/crawl/magpie.html added
[03:40:30:389 debug] ThreadSafeInvertedIndex.java@104 Thread-6: going to unlock
[03:40:30:389 debug] WebCrawler.java@96 Thread-6: ######## Minion finished http://www.cs.usfca.edu/~sjengle/cs212/crawl/heron.html
[03:40:30:389 debug] WorkQueue.java@81 Thread-6: decreasing, Pending is now 51
[03:40:30:389 debug] WebCrawler.java@48 Thread-6: urlsize: 25, true
[03:40:30:390 debug] WebCrawler.java@58 Thread-6: size 26, http://www.cs.usfca.edu/~sjengle/cs212/crawl/meadowlark.html added
[03:40:30:402 debug] WebCrawler.java@41 Thread-10: ******** Minion created for http://www.cs.usfca.edu/~sjengle/cs212/crawl/birds.html
[03:40:30:402 debug] WorkQueue.java@70 Thread-10: increasing, Pending is now 52
[03:40:30:402 debug] ThreadSafeInvertedIndex.java@104 Thread-10: going to unlock
[03:40:30:403 debug] WebCrawler.java@96 Thread-10: ######## Minion finished http://www.cs.usfca.edu/~sjengle/cs212/crawl/kingfisher.html
[03:40:30:403 debug] WebCrawler.java@41 Thread-9: ******** Minion created for http://www.cs.usfca.edu/~sjengle/cs212/crawl/birds.html
[03:40:30:403 debug] WorkQueue.java@81 Thread-10: decreasing, Pending is now 51
[03:40:30:403 debug] WebCrawler.java@48 Thread-10: urlsize: 26, true
[03:40:30:403 debug] WorkQueue.java@70 Thread-9: increasing, Pending is now 52
[03:40:30:403 debug] ThreadSafeInvertedIndex.java@104 Thread-9: going to unlock
[03:40:30:403 debug] WebCrawler.java@96 Thread-9: ######## Minion finished http://www.cs.usfca.edu/~sjengle/cs212/crawl/loon.html
[03:40:30:404 debug] WorkQueue.java@81 Thread-9: decreasing, Pending is now 51
[03:40:30:404 debug] WebCrawler.java@48 Thread-9: urlsize: 26, true
[03:40:30:404 debug] WebCrawler.java@58 Thread-10: size 27, http://www.cs.usfca.edu/~sjengle/cs212/crawl/mockingbird.html added
[03:40:30:404 debug] WebCrawler.java@58 Thread-9: size 28, http://www.cs.usfca.edu/~sjengle/cs212/crawl/nighthawk.html added
[03:40:30:415 debug] WebCrawler.java@41 Thread-6: ******** Minion created for http://www.cs.usfca.edu/~sjengle/cs212/crawl/birds.html
[03:40:30:415 debug] WorkQueue.java@70 Thread-6: increasing, Pending is now 52
[03:40:30:415 debug] WebCrawler.java@41 Thread-8: ******** Minion created for http://www.cs.usfca.edu/~sjengle/cs212/crawl/birds.html
[03:40:30:415 debug] WorkQueue.java@70 Thread-8: increasing, Pending is now 53
[03:40:30:416 debug] ThreadSafeInvertedIndex.java@104 Thread-6: going to unlock
[03:40:30:416 debug] WebCrawler.java@96 Thread-6: ######## Minion finished http://www.cs.usfca.edu/~sjengle/cs212/crawl/meadowlark.html
[03:40:30:416 debug] WorkQueue.java@81 Thread-6: decreasing, Pending is now 52
[03:40:30:416 debug] ThreadSafeInvertedIndex.java@104 Thread-8: going to unlock
[03:40:30:416 debug] WebCrawler.java@48 Thread-6: urlsize: 28, true
[03:40:30:416 debug] WebCrawler.java@96 Thread-8: ######## Minion finished http://www.cs.usfca.edu/~sjengle/cs212/crawl/magpie.html
[03:40:30:416 debug] WebCrawler.java@58 Thread-6: size 29, http://www.cs.usfca.edu/~sjengle/cs212/crawl/osprey.html added
[03:40:30:416 debug] WorkQueue.java@81 Thread-8: decreasing, Pending is now 51
[03:40:30:416 debug] WebCrawler.java@48 Thread-8: urlsize: 29, true
[03:40:30:416 debug] WebCrawler.java@58 Thread-8: size 30, http://www.cs.usfca.edu/~sjengle/cs212/crawl/owl.html added
[03:40:30:417 debug] WebCrawler.java@41 Thread-7: ******** Minion created for http://www.cs.usfca.edu/~sjengle/cs212/crawl/birds.html
[03:40:30:417 debug] WorkQueue.java@70 Thread-7: increasing, Pending is now 52
[03:40:30:417 debug] ThreadSafeInvertedIndex.java@104 Thread-7: going to unlock
[03:40:30:417 debug] WebCrawler.java@96 Thread-7: ######## Minion finished http://www.cs.usfca.edu/~sjengle/cs212/crawl/mallard.html
[03:40:30:418 debug] WorkQueue.java@81 Thread-7: decreasing, Pending is now 51
[03:40:30:418 debug] WebCrawler.java@48 Thread-7: urlsize: 30, true
[03:40:30:418 debug] WebCrawler.java@58 Thread-7: size 31, http://www.cs.usfca.edu/~sjengle/cs212/crawl/pelican.html added
[03:40:30:427 debug] WebCrawler.java@41 Thread-10: ******** Minion created for http://www.cs.usfca.edu/~sjengle/cs212/crawl/birds.html
[03:40:30:428 debug] WorkQueue.java@70 Thread-10: increasing, Pending is now 52
[03:40:30:428 debug] ThreadSafeInvertedIndex.java@104 Thread-10: going to unlock
[03:40:30:428 debug] WebCrawler.java@96 Thread-10: ######## Minion finished http://www.cs.usfca.edu/~sjengle/cs212/crawl/mockingbird.html
[03:40:30:428 debug] WorkQueue.java@81 Thread-10: decreasing, Pending is now 51
[03:40:30:429 debug] WebCrawler.java@48 Thread-10: urlsize: 31, true
[03:40:30:429 debug] WebCrawler.java@58 Thread-10: size 32, http://www.cs.usfca.edu/~sjengle/cs212/crawl/pheasant.html added
[03:40:30:429 debug] WebCrawler.java@41 Thread-9: ******** Minion created for http://www.cs.usfca.edu/~sjengle/cs212/crawl/birds.html
[03:40:30:429 debug] WorkQueue.java@70 Thread-9: increasing, Pending is now 52
[03:40:30:430 debug] ThreadSafeInvertedIndex.java@104 Thread-9: going to unlock
[03:40:30:430 debug] WebCrawler.java@96 Thread-9: ######## Minion finished http://www.cs.usfca.edu/~sjengle/cs212/crawl/nighthawk.html
[03:40:30:430 debug] WorkQueue.java@81 Thread-9: decreasing, Pending is now 51
[03:40:30:430 debug] WebCrawler.java@48 Thread-9: urlsize: 32, true
[03:40:30:430 debug] WebCrawler.java@58 Thread-9: size 33, http://www.cs.usfca.edu/~sjengle/cs212/crawl/pigeon.html added
[03:40:30:440 debug] WebCrawler.java@41 Thread-6: ******** Minion created for http://www.cs.usfca.edu/~sjengle/cs212/crawl/birds.html
[03:40:30:440 debug] WorkQueue.java@70 Thread-6: increasing, Pending is now 52
[03:40:30:440 debug] WebCrawler.java@41 Thread-8: ******** Minion created for http://www.cs.usfca.edu/~sjengle/cs212/crawl/birds.html
[03:40:30:440 debug] WorkQueue.java@70 Thread-8: increasing, Pending is now 53
[03:40:30:441 debug] ThreadSafeInvertedIndex.java@104 Thread-6: going to unlock
[03:40:30:441 debug] WebCrawler.java@96 Thread-6: ######## Minion finished http://www.cs.usfca.edu/~sjengle/cs212/crawl/osprey.html
[03:40:30:441 debug] WorkQueue.java@81 Thread-6: decreasing, Pending is now 52
[03:40:30:441 debug] ThreadSafeInvertedIndex.java@104 Thread-8: going to unlock
[03:40:30:441 debug] WebCrawler.java@48 Thread-6: urlsize: 33, true
[03:40:30:441 debug] WebCrawler.java@96 Thread-8: ######## Minion finished http://www.cs.usfca.edu/~sjengle/cs212/crawl/owl.html
[03:40:30:441 debug] WebCrawler.java@58 Thread-6: size 34, http://www.cs.usfca.edu/~sjengle/cs212/crawl/puffin.html added
[03:40:30:441 debug] WorkQueue.java@81 Thread-8: decreasing, Pending is now 51
[03:40:30:441 debug] WebCrawler.java@48 Thread-8: urlsize: 34, true
[03:40:30:442 debug] WebCrawler.java@58 Thread-8: size 35, http://www.cs.usfca.edu/~sjengle/cs212/crawl/quail.html added
[03:40:30:444 debug] WebCrawler.java@41 Thread-7: ******** Minion created for http://www.cs.usfca.edu/~sjengle/cs212/crawl/birds.html
[03:40:30:444 debug] WorkQueue.java@70 Thread-7: increasing, Pending is now 52
[03:40:30:444 debug] ThreadSafeInvertedIndex.java@104 Thread-7: going to unlock
[03:40:30:444 debug] WebCrawler.java@96 Thread-7: ######## Minion finished http://www.cs.usfca.edu/~sjengle/cs212/crawl/pelican.html
[03:40:30:444 debug] WorkQueue.java@81 Thread-7: decreasing, Pending is now 51
[03:40:30:444 debug] WebCrawler.java@48 Thread-7: urlsize: 35, true
[03:40:30:444 debug] WebCrawler.java@58 Thread-7: size 36, http://www.cs.usfca.edu/~sjengle/cs212/crawl/raven.html added
[03:40:30:450 debug] WebCrawler.java@41 Thread-9: ******** Minion created for http://www.cs.usfca.edu/~sjengle/cs212/crawl/birds.html
[03:40:30:450 debug] WorkQueue.java@70 Thread-9: increasing, Pending is now 52
[03:40:30:451 debug] ThreadSafeInvertedIndex.java@104 Thread-9: going to unlock
[03:40:30:451 debug] WebCrawler.java@96 Thread-9: ######## Minion finished http://www.cs.usfca.edu/~sjengle/cs212/crawl/pigeon.html
[03:40:30:451 debug] WorkQueue.java@81 Thread-9: decreasing, Pending is now 51
[03:40:30:451 debug] WebCrawler.java@48 Thread-9: urlsize: 36, true
[03:40:30:451 debug] WebCrawler.java@58 Thread-9: size 37, http://www.cs.usfca.edu/~sjengle/cs212/crawl/roadrunner.html added
[03:40:30:456 debug] WebCrawler.java@41 Thread-10: ******** Minion created for http://www.cs.usfca.edu/~sjengle/cs212/crawl/birds.html
[03:40:30:457 debug] WorkQueue.java@70 Thread-10: increasing, Pending is now 52
[03:40:30:457 debug] ThreadSafeInvertedIndex.java@104 Thread-10: going to unlock
[03:40:30:457 debug] WebCrawler.java@96 Thread-10: ######## Minion finished http://www.cs.usfca.edu/~sjengle/cs212/crawl/pheasant.html
[03:40:30:457 debug] WorkQueue.java@81 Thread-10: decreasing, Pending is now 51
[03:40:30:457 debug] WebCrawler.java@48 Thread-10: urlsize: 37, true
[03:40:30:457 debug] WebCrawler.java@58 Thread-10: size 38, http://www.cs.usfca.edu/~sjengle/cs212/crawl/robin.html added
[03:40:30:465 debug] WebCrawler.java@41 Thread-8: ******** Minion created for http://www.cs.usfca.edu/~sjengle/cs212/crawl/birds.html
[03:40:30:466 debug] WorkQueue.java@70 Thread-8: increasing, Pending is now 52
[03:40:30:466 debug] ThreadSafeInvertedIndex.java@104 Thread-8: going to unlock
[03:40:30:467 debug] WebCrawler.java@96 Thread-8: ######## Minion finished http://www.cs.usfca.edu/~sjengle/cs212/crawl/quail.html
[03:40:30:467 debug] WorkQueue.java@81 Thread-8: decreasing, Pending is now 51
[03:40:30:467 debug] WebCrawler.java@48 Thread-8: urlsize: 38, true
[03:40:30:467 debug] WebCrawler.java@58 Thread-8: size 39, http://www.cs.usfca.edu/~sjengle/cs212/crawl/sandpiper.html added
[03:40:30:467 debug] WebCrawler.java@41 Thread-7: ******** Minion created for http://www.cs.usfca.edu/~sjengle/cs212/crawl/birds.html
[03:40:30:467 debug] WorkQueue.java@70 Thread-7: increasing, Pending is now 52
[03:40:30:468 debug] WebCrawler.java@41 Thread-6: ******** Minion created for http://www.cs.usfca.edu/~sjengle/cs212/crawl/birds.html
[03:40:30:468 debug] ThreadSafeInvertedIndex.java@104 Thread-7: going to unlock
[03:40:30:468 debug] WorkQueue.java@70 Thread-6: increasing, Pending is now 53
[03:40:30:468 debug] WebCrawler.java@96 Thread-7: ######## Minion finished http://www.cs.usfca.edu/~sjengle/cs212/crawl/raven.html
[03:40:30:468 debug] WorkQueue.java@81 Thread-7: decreasing, Pending is now 52
[03:40:30:468 debug] WebCrawler.java@48 Thread-7: urlsize: 39, true
[03:40:30:468 debug] WebCrawler.java@58 Thread-7: size 40, http://www.cs.usfca.edu/~sjengle/cs212/crawl/sparrow.html added
[03:40:30:468 debug] ThreadSafeInvertedIndex.java@104 Thread-6: going to unlock
[03:40:30:468 debug] WebCrawler.java@96 Thread-6: ######## Minion finished http://www.cs.usfca.edu/~sjengle/cs212/crawl/puffin.html
[03:40:30:469 debug] WorkQueue.java@81 Thread-6: decreasing, Pending is now 51
[03:40:30:469 debug] WebCrawler.java@48 Thread-6: urlsize: 40, true
[03:40:30:469 debug] WebCrawler.java@58 Thread-6: size 41, http://www.cs.usfca.edu/~sjengle/cs212/crawl/starling.html added
[03:40:30:473 debug] WebCrawler.java@41 Thread-9: ******** Minion created for http://www.cs.usfca.edu/~sjengle/cs212/crawl/birds.html
[03:40:30:473 debug] WorkQueue.java@70 Thread-9: increasing, Pending is now 52
[03:40:30:473 debug] ThreadSafeInvertedIndex.java@104 Thread-9: going to unlock
[03:40:30:474 debug] WebCrawler.java@96 Thread-9: ######## Minion finished http://www.cs.usfca.edu/~sjengle/cs212/crawl/roadrunner.html
[03:40:30:474 debug] WorkQueue.java@81 Thread-9: decreasing, Pending is now 51
[03:40:30:474 debug] WebCrawler.java@48 Thread-9: urlsize: 41, true
[03:40:30:474 debug] WebCrawler.java@58 Thread-9: size 42, http://www.cs.usfca.edu/~sjengle/cs212/crawl/stork.html added
[03:40:30:479 debug] WebCrawler.java@41 Thread-10: ******** Minion created for http://www.cs.usfca.edu/~sjengle/cs212/crawl/birds.html
[03:40:30:479 debug] WorkQueue.java@70 Thread-10: increasing, Pending is now 52
[03:40:30:480 debug] ThreadSafeInvertedIndex.java@104 Thread-10: going to unlock
[03:40:30:480 debug] WebCrawler.java@96 Thread-10: ######## Minion finished http://www.cs.usfca.edu/~sjengle/cs212/crawl/robin.html
[03:40:30:480 debug] WorkQueue.java@81 Thread-10: decreasing, Pending is now 51
[03:40:30:480 debug] WebCrawler.java@48 Thread-10: urlsize: 42, true
[03:40:30:480 debug] WebCrawler.java@58 Thread-10: size 43, http://www.cs.usfca.edu/~sjengle/cs212/crawl/swallow.html added
[03:40:30:495 debug] WebCrawler.java@41 Thread-7: ******** Minion created for http://www.cs.usfca.edu/~sjengle/cs212/crawl/birds.html
[03:40:30:495 debug] WorkQueue.java@70 Thread-7: increasing, Pending is now 52
[03:40:30:496 debug] ThreadSafeInvertedIndex.java@104 Thread-7: going to unlock
[03:40:30:496 debug] WebCrawler.java@96 Thread-7: ######## Minion finished http://www.cs.usfca.edu/~sjengle/cs212/crawl/sparrow.html
[03:40:30:496 debug] WorkQueue.java@81 Thread-7: decreasing, Pending is now 51
[03:40:30:496 debug] WebCrawler.java@41 Thread-6: ******** Minion created for http://www.cs.usfca.edu/~sjengle/cs212/crawl/birds.html
[03:40:30:496 debug] WebCrawler.java@48 Thread-7: urlsize: 43, true
[03:40:30:496 debug] WorkQueue.java@70 Thread-6: increasing, Pending is now 52
[03:40:30:496 debug] WebCrawler.java@58 Thread-7: size 44, http://www.cs.usfca.edu/~sjengle/cs212/crawl/swan.html added
[03:40:30:497 debug] WebCrawler.java@41 Thread-8: ******** Minion created for http://www.cs.usfca.edu/~sjengle/cs212/crawl/birds.html
[03:40:30:497 debug] ThreadSafeInvertedIndex.java@104 Thread-6: going to unlock
[03:40:30:497 debug] WorkQueue.java@70 Thread-8: increasing, Pending is now 53
[03:40:30:497 debug] WebCrawler.java@96 Thread-6: ######## Minion finished http://www.cs.usfca.edu/~sjengle/cs212/crawl/starling.html
[03:40:30:497 debug] WorkQueue.java@81 Thread-6: decreasing, Pending is now 52
[03:40:30:497 debug] WebCrawler.java@48 Thread-6: urlsize: 44, true
[03:40:30:497 debug] WebCrawler.java@58 Thread-6: size 45, http://www.cs.usfca.edu/~sjengle/cs212/crawl/tern.html added
[03:40:30:497 debug] ThreadSafeInvertedIndex.java@104 Thread-8: going to unlock
[03:40:30:498 debug] WebCrawler.java@96 Thread-8: ######## Minion finished http://www.cs.usfca.edu/~sjengle/cs212/crawl/sandpiper.html
[03:40:30:498 debug] WorkQueue.java@81 Thread-8: decreasing, Pending is now 51
[03:40:30:498 debug] WebCrawler.java@48 Thread-8: urlsize: 45, true
[03:40:30:498 debug] WebCrawler.java@58 Thread-8: size 46, http://www.cs.usfca.edu/~sjengle/cs212/crawl/turkey.html added
[03:40:30:503 debug] WebCrawler.java@41 Thread-9: ******** Minion created for http://www.cs.usfca.edu/~sjengle/cs212/crawl/birds.html
[03:40:30:504 debug] WorkQueue.java@70 Thread-9: increasing, Pending is now 52
[03:40:30:504 debug] ThreadSafeInvertedIndex.java@104 Thread-9: going to unlock
[03:40:30:504 debug] WebCrawler.java@96 Thread-9: ######## Minion finished http://www.cs.usfca.edu/~sjengle/cs212/crawl/stork.html
[03:40:30:504 debug] WorkQueue.java@81 Thread-9: decreasing, Pending is now 51
[03:40:30:504 debug] WebCrawler.java@48 Thread-9: urlsize: 46, true
[03:40:30:505 debug] WebCrawler.java@58 Thread-9: size 47, http://www.cs.usfca.edu/~sjengle/cs212/crawl/vulture.html added
[03:40:30:505 debug] WebCrawler.java@41 Thread-10: ******** Minion created for http://www.cs.usfca.edu/~sjengle/cs212/crawl/birds.html
[03:40:30:505 debug] WorkQueue.java@70 Thread-10: increasing, Pending is now 52
[03:40:30:506 debug] ThreadSafeInvertedIndex.java@104 Thread-10: going to unlock
[03:40:30:506 debug] WebCrawler.java@96 Thread-10: ######## Minion finished http://www.cs.usfca.edu/~sjengle/cs212/crawl/swallow.html
[03:40:30:506 debug] WorkQueue.java@81 Thread-10: decreasing, Pending is now 51
[03:40:30:506 debug] WebCrawler.java@48 Thread-10: urlsize: 47, true
[03:40:30:506 debug] WebCrawler.java@58 Thread-10: size 48, http://www.cs.usfca.edu/~sjengle/cs212/crawl/warbler.html added
[03:40:30:521 debug] WebCrawler.java@41 Thread-8: ******** Minion created for http://www.cs.usfca.edu/~sjengle/cs212/crawl/birds.html
[03:40:30:521 debug] WorkQueue.java@70 Thread-8: increasing, Pending is now 52
[03:40:30:522 debug] ThreadSafeInvertedIndex.java@104 Thread-8: going to unlock
[03:40:30:522 debug] WebCrawler.java@96 Thread-8: ######## Minion finished http://www.cs.usfca.edu/~sjengle/cs212/crawl/turkey.html
[03:40:30:522 debug] WorkQueue.java@81 Thread-8: decreasing, Pending is now 51
[03:40:30:522 debug] WebCrawler.java@48 Thread-8: urlsize: 48, true
[03:40:30:522 debug] WebCrawler.java@58 Thread-8: size 49, http://www.cs.usfca.edu/~sjengle/cs212/crawl/woodpecker.html added
[03:40:30:523 debug] WebCrawler.java@41 Thread-6: ******** Minion created for http://www.cs.usfca.edu/~sjengle/cs212/crawl/birds.html
[03:40:30:523 debug] WorkQueue.java@70 Thread-6: increasing, Pending is now 52
[03:40:30:523 debug] WebCrawler.java@41 Thread-7: ******** Minion created for http://www.cs.usfca.edu/~sjengle/cs212/crawl/birds.html
[03:40:30:523 debug] WorkQueue.java@70 Thread-7: increasing, Pending is now 53
[03:40:30:523 debug] ThreadSafeInvertedIndex.java@104 Thread-6: going to unlock
[03:40:30:524 debug] WebCrawler.java@96 Thread-6: ######## Minion finished http://www.cs.usfca.edu/~sjengle/cs212/crawl/tern.html
[03:40:30:524 debug] WorkQueue.java@81 Thread-6: decreasing, Pending is now 52
[03:40:30:524 debug] ThreadSafeInvertedIndex.java@104 Thread-7: going to unlock
[03:40:30:524 debug] WebCrawler.java@48 Thread-6: urlsize: 49, true
[03:40:30:524 debug] WebCrawler.java@96 Thread-7: ######## Minion finished http://www.cs.usfca.edu/~sjengle/cs212/crawl/swan.html
[03:40:30:524 debug] WebCrawler.java@58 Thread-6: size 50, http://www.cs.usfca.edu/~sjengle/cs212/crawl/wren.html added
[03:40:30:524 debug] WorkQueue.java@81 Thread-7: decreasing, Pending is now 51
[03:40:30:524 debug] WebCrawler.java@48 Thread-7: urlsize: 50, false
[03:40:30:525 debug] WorkQueue.java@81 Thread-7: decreasing, Pending is now 50
[03:40:30:525 debug] WebCrawler.java@48 Thread-7: urlsize: 50, false
[03:40:30:525 debug] WorkQueue.java@81 Thread-7: decreasing, Pending is now 49
[03:40:30:525 debug] WebCrawler.java@48 Thread-7: urlsize: 50, false
[03:40:30:525 debug] WorkQueue.java@81 Thread-7: decreasing, Pending is now 48
[03:40:30:525 debug] WebCrawler.java@48 Thread-7: urlsize: 50, false
[03:40:30:525 debug] WorkQueue.java@81 Thread-7: decreasing, Pending is now 47
[03:40:30:525 debug] WebCrawler.java@48 Thread-7: urlsize: 50, false
[03:40:30:526 debug] WorkQueue.java@81 Thread-7: decreasing, Pending is now 46
[03:40:30:526 debug] WebCrawler.java@48 Thread-7: urlsize: 50, false
[03:40:30:526 debug] WorkQueue.java@81 Thread-7: decreasing, Pending is now 45
[03:40:30:526 debug] WebCrawler.java@48 Thread-7: urlsize: 50, false
[03:40:30:526 debug] WorkQueue.java@81 Thread-7: decreasing, Pending is now 44
[03:40:30:526 debug] WebCrawler.java@48 Thread-7: urlsize: 50, false
[03:40:30:526 debug] WorkQueue.java@81 Thread-7: decreasing, Pending is now 43
[03:40:30:526 debug] WebCrawler.java@48 Thread-7: urlsize: 50, false
[03:40:30:526 debug] WorkQueue.java@81 Thread-7: decreasing, Pending is now 42
[03:40:30:526 debug] WebCrawler.java@48 Thread-7: urlsize: 50, false
[03:40:30:526 debug] WorkQueue.java@81 Thread-7: decreasing, Pending is now 41
[03:40:30:526 debug] WebCrawler.java@48 Thread-7: urlsize: 50, false
[03:40:30:527 debug] WorkQueue.java@81 Thread-7: decreasing, Pending is now 40
[03:40:30:527 debug] WebCrawler.java@48 Thread-7: urlsize: 50, false
[03:40:30:527 debug] WorkQueue.java@81 Thread-7: decreasing, Pending is now 39
[03:40:30:527 debug] WebCrawler.java@48 Thread-7: urlsize: 50, false
[03:40:30:527 debug] WorkQueue.java@81 Thread-7: decreasing, Pending is now 38
[03:40:30:527 debug] WebCrawler.java@48 Thread-7: urlsize: 50, false
[03:40:30:527 debug] WorkQueue.java@81 Thread-7: decreasing, Pending is now 37
[03:40:30:527 debug] WebCrawler.java@48 Thread-7: urlsize: 50, false
[03:40:30:527 debug] WorkQueue.java@81 Thread-7: decreasing, Pending is now 36
[03:40:30:527 debug] WebCrawler.java@48 Thread-7: urlsize: 50, false
[03:40:30:527 debug] WorkQueue.java@81 Thread-7: decreasing, Pending is now 35
[03:40:30:527 debug] WebCrawler.java@48 Thread-7: urlsize: 50, false
[03:40:30:528 debug] WorkQueue.java@81 Thread-7: decreasing, Pending is now 34
[03:40:30:528 debug] WebCrawler.java@48 Thread-7: urlsize: 50, false
[03:40:30:528 debug] WorkQueue.java@81 Thread-7: decreasing, Pending is now 33
[03:40:30:528 debug] WebCrawler.java@48 Thread-7: urlsize: 50, false
[03:40:30:528 debug] WorkQueue.java@81 Thread-7: decreasing, Pending is now 32
[03:40:30:528 debug] WebCrawler.java@48 Thread-7: urlsize: 50, false
[03:40:30:528 debug] WorkQueue.java@81 Thread-7: decreasing, Pending is now 31
[03:40:30:528 debug] WebCrawler.java@48 Thread-7: urlsize: 50, false
[03:40:30:528 debug] WorkQueue.java@81 Thread-7: decreasing, Pending is now 30
[03:40:30:528 debug] WebCrawler.java@48 Thread-7: urlsize: 50, false
[03:40:30:528 debug] WorkQueue.java@81 Thread-7: decreasing, Pending is now 29
[03:40:30:529 debug] WebCrawler.java@48 Thread-7: urlsize: 50, false
[03:40:30:529 debug] WorkQueue.java@81 Thread-7: decreasing, Pending is now 28
[03:40:30:529 debug] ThreadSafeInvertedIndex.java@104 Thread-9: going to unlock
[03:40:30:529 debug] WebCrawler.java@48 Thread-7: urlsize: 50, false
[03:40:30:529 debug] WorkQueue.java@81 Thread-7: decreasing, Pending is now 27
[03:40:30:529 debug] WebCrawler.java@96 Thread-9: ######## Minion finished http://www.cs.usfca.edu/~sjengle/cs212/crawl/vulture.html
[03:40:30:529 debug] WebCrawler.java@48 Thread-7: urlsize: 50, false
[03:40:30:529 debug] WorkQueue.java@81 Thread-9: decreasing, Pending is now 26
[03:40:30:529 debug] WebCrawler.java@48 Thread-9: urlsize: 50, false
[03:40:30:529 debug] WorkQueue.java@81 Thread-7: decreasing, Pending is now 25
[03:40:30:529 debug] WebCrawler.java@48 Thread-7: urlsize: 50, false
[03:40:30:529 debug] WorkQueue.java@81 Thread-9: decreasing, Pending is now 24
[03:40:30:529 debug] WebCrawler.java@48 Thread-9: urlsize: 50, false
[03:40:30:529 debug] WorkQueue.java@81 Thread-7: decreasing, Pending is now 23
[03:40:30:529 debug] WebCrawler.java@48 Thread-7: urlsize: 50, false
[03:40:30:529 debug] WorkQueue.java@81 Thread-9: decreasing, Pending is now 22
[03:40:30:530 debug] WebCrawler.java@48 Thread-9: urlsize: 50, false
[03:40:30:530 debug] WorkQueue.java@81 Thread-7: decreasing, Pending is now 21
[03:40:30:530 debug] WebCrawler.java@48 Thread-7: urlsize: 50, false
[03:40:30:530 debug] WorkQueue.java@81 Thread-9: decreasing, Pending is now 20
[03:40:30:530 debug] WebCrawler.java@48 Thread-9: urlsize: 50, false
[03:40:30:530 debug] WorkQueue.java@81 Thread-7: decreasing, Pending is now 19
[03:40:30:530 debug] WebCrawler.java@48 Thread-7: urlsize: 50, false
[03:40:30:530 debug] WorkQueue.java@81 Thread-9: decreasing, Pending is now 18
[03:40:30:530 debug] WebCrawler.java@48 Thread-9: urlsize: 50, false
[03:40:30:530 debug] WorkQueue.java@81 Thread-7: decreasing, Pending is now 17
[03:40:30:530 debug] WorkQueue.java@81 Thread-9: decreasing, Pending is now 16
[03:40:30:530 debug] WebCrawler.java@48 Thread-7: urlsize: 50, false
[03:40:30:530 debug] ThreadSafeInvertedIndex.java@104 Thread-10: going to unlock
[03:40:30:530 debug] WebCrawler.java@48 Thread-9: urlsize: 50, false
[03:40:30:530 debug] WorkQueue.java@81 Thread-7: decreasing, Pending is now 15
[03:40:30:531 debug] WebCrawler.java@96 Thread-10: ######## Minion finished http://www.cs.usfca.edu/~sjengle/cs212/crawl/warbler.html
[03:40:30:531 debug] WebCrawler.java@48 Thread-7: urlsize: 50, false
[03:40:30:531 debug] WorkQueue.java@81 Thread-9: decreasing, Pending is now 14
[03:40:30:531 debug] WorkQueue.java@81 Thread-7: decreasing, Pending is now 13
[03:40:30:531 debug] WebCrawler.java@48 Thread-7: urlsize: 50, false
[03:40:30:531 debug] WorkQueue.java@81 Thread-10: decreasing, Pending is now 12
[03:40:30:531 debug] WebCrawler.java@48 Thread-10: urlsize: 50, false
[03:40:30:531 debug] WebCrawler.java@48 Thread-9: urlsize: 50, false
[03:40:30:531 debug] WorkQueue.java@81 Thread-10: decreasing, Pending is now 11
[03:40:30:532 debug] WorkQueue.java@81 Thread-7: decreasing, Pending is now 10
[03:40:30:532 debug] WebCrawler.java@48 Thread-10: urlsize: 50, false
[03:40:30:532 debug] WebCrawler.java@48 Thread-7: urlsize: 50, false
[03:40:30:532 debug] WorkQueue.java@81 Thread-10: decreasing, Pending is now 9
[03:40:30:532 debug] WebCrawler.java@48 Thread-10: urlsize: 50, false
[03:40:30:532 debug] WorkQueue.java@81 Thread-9: decreasing, Pending is now 8
[03:40:30:532 debug] WorkQueue.java@81 Thread-10: decreasing, Pending is now 7
[03:40:30:532 debug] WebCrawler.java@48 Thread-9: urlsize: 50, false
[03:40:30:532 debug] WebCrawler.java@48 Thread-10: urlsize: 50, false
[03:40:30:532 debug] WorkQueue.java@81 Thread-7: decreasing, Pending is now 6
[03:40:30:532 debug] WebCrawler.java@48 Thread-7: urlsize: 50, false
[03:40:30:532 debug] WorkQueue.java@81 Thread-10: decreasing, Pending is now 5
[03:40:30:532 debug] WebCrawler.java@48 Thread-10: urlsize: 50, false
[03:40:30:532 debug] WorkQueue.java@81 Thread-9: decreasing, Pending is now 4
[03:40:30:533 debug] WorkQueue.java@81 Thread-10: decreasing, Pending is now 3
[03:40:30:533 debug] WorkQueue.java@81 Thread-7: decreasing, Pending is now 2
[03:40:30:549 debug] ThreadSafeInvertedIndex.java@104 Thread-8: going to unlock
[03:40:30:549 debug] WebCrawler.java@96 Thread-8: ######## Minion finished http://www.cs.usfca.edu/~sjengle/cs212/crawl/woodpecker.html
[03:40:30:549 debug] WorkQueue.java@81 Thread-8: decreasing, Pending is now 1
[03:40:30:551 debug] ThreadSafeInvertedIndex.java@104 Thread-6: going to unlock
[03:40:30:551 debug] WebCrawler.java@96 Thread-6: ######## Minion finished http://www.cs.usfca.edu/~sjengle/cs212/crawl/wren.html
[03:40:30:552 debug] WorkQueue.java@81 Thread-6: decreasing, Pending is now 0
[03:40:30:552 debug] WebCrawler.java@32 main: total size:50
[03:40:30:552 debug] Driver.java@163 main: $$$$$$$$$$$$$$$$$$ done with traversing URL
[03:40:30:552 debug] Driver.java@169 main: calling shut down
[03:40:30:552 debug] MultiThreadInvertedIndexBuilder.java@46 main: Shutting down
[03:40:30:552 debug] WorkQueue.java@132 main: work queue been shut down.
[03:40:30:552 debug] Driver.java@171 main: Done with InvertedIndex
[03:40:54:575 debug] ThreadSafePartialSearchBuilder.java@142 qtp1698097425-38: ******** Minion created for black
[03:40:54:575 debug] WorkQueue.java@70 qtp1698097425-38: increasing, Pending is now 1
[03:40:54:575 debug] ThreadSafePartialSearchBuilder.java@149 Thread-54: --------- Minion going to run for black
[03:40:54:576 debug] ThreadSafePartialSearchBuilder.java@155 Thread-54: ######## Minion finished black
[03:40:54:576 debug] WorkQueue.java@81 Thread-54: decreasing, Pending is now 0
[03:41:04:835 debug] ThreadSafePartialSearchBuilder.java@142 qtp1698097425-39: ******** Minion created for chickadee
[03:41:04:835 debug] WorkQueue.java@70 qtp1698097425-39: increasing, Pending is now 1
[03:41:04:835 debug] ThreadSafePartialSearchBuilder.java@149 Thread-59: --------- Minion going to run for chickadee
[03:41:04:836 debug] ThreadSafePartialSearchBuilder.java@155 Thread-59: ######## Minion finished chickadee
[03:41:04:836 debug] WorkQueue.java@81 Thread-59: decreasing, Pending is now 0
